<?xml version="1.0" encoding="UTF-8"?>
<testsuite xmlns:xsi="http://www.w3.org/2001/XMLSchema-instance" xsi:noNamespaceSchemaLocation="https://maven.apache.org/surefire/maven-surefire-plugin/xsd/surefire-test-report.xsd" name="controller.ControllerTest" time="0.124" tests="10" errors="5" skipped="0" failures="3">
  <properties>
[...]
</properties>
  <testcase name="testChangeBasicInformation" classname="controller.ControllerTest" time="0"/>
  <testcase name="testSkill" classname="controller.ControllerTest" time="0.016">
    <error type="java.lang.NullPointerException">java.lang.NullPointerException
	at controller.ControllerTest.testSkill(ControllerTest.java:71)
</error>
    <system-err><![CDATA[java.io.FileNotFoundException: C:/Users/Hanxi/Desktop/skill.json (No such file or directory)
	at java.base/java.io.FileInputStream.open0(Native Method)
	at java.base/java.io.FileInputStream.open(FileInputStream.java:216)
	at java.base/java.io.FileInputStream.<init>(FileInputStream.java:157)
	at java.base/java.io.FileReader.<init>(FileReader.java:75)
	at model.Skill.getStr(Skill.java:208)
	at model.Skill.saveSkill(Skill.java:52)
	at controller.Controller.createSkill(Controller.java:96)
	at controller.ControllerTest.testSkill(ControllerTest.java:71)
	at java.base/jdk.internal.reflect.NativeMethodAccessorImpl.invoke0(Native Method)
	at java.base/jdk.internal.reflect.NativeMethodAccessorImpl.invoke(NativeMethodAccessorImpl.java:77)
	at java.base/jdk.internal.reflect.DelegatingMethodAccessorImpl.invoke(DelegatingMethodAccessorImpl.java:43)
	at java.base/java.lang.reflect.Method.invoke(Method.java:568)
	at org.junit.platform.commons.util.ReflectionUtils.invokeMethod(ReflectionUtils.java:727)
	at org.junit.jupiter.engine.execution.MethodInvocation.proceed(MethodInvocation.java:60)
	at org.junit.jupiter.engine.execution.InvocationInterceptorChain$ValidatingInvocation.proceed(InvocationInterceptorChain.java:131)
	at org.junit.jupiter.engine.extension.TimeoutExtension.intercept(TimeoutExtension.java:156)
	at org.junit.jupiter.engine.extension.TimeoutExtension.interceptTestableMethod(TimeoutExtension.java:147)
	at org.junit.jupiter.engine.extension.TimeoutExtension.interceptTestMethod(TimeoutExtension.java:86)
	at org.junit.jupiter.engine.execution.InterceptingExecutableInvoker$ReflectiveInterceptorCall.lambda$ofVoidMethod$0(InterceptingExecutableInvoker.java:103)
	at org.junit.jupiter.engine.execution.InterceptingExecutableInvoker.lambda$invoke$0(InterceptingExecutableInvoker.java:93)
	at org.junit.jupiter.engine.execution.InvocationInterceptorChain$InterceptedInvocation.proceed(InvocationInterceptorChain.java:106)
	at org.junit.jupiter.engine.execution.InvocationInterceptorChain.proceed(InvocationInterceptorChain.java:64)
	at org.junit.jupiter.engine.execution.InvocationInterceptorChain.chainAndInvoke(InvocationInterceptorChain.java:45)
	at org.junit.jupiter.engine.execution.InvocationInterceptorChain.invoke(InvocationInterceptorChain.java:37)
	at org.junit.jupiter.engine.execution.InterceptingExecutableInvoker.invoke(InterceptingExecutableInvoker.java:92)
	at org.junit.jupiter.engine.execution.InterceptingExecutableInvoker.invoke(InterceptingExecutableInvoker.java:86)
	at org.junit.jupiter.engine.descriptor.TestMethodTestDescriptor.lambda$invokeTestMethod$7(TestMethodTestDescriptor.java:217)
	at org.junit.platform.engine.support.hierarchical.ThrowableCollector.execute(ThrowableCollector.java:73)
	at org.junit.jupiter.engine.descriptor.TestMethodTestDescriptor.invokeTestMethod(TestMethodTestDescriptor.java:213)
	at org.junit.jupiter.engine.descriptor.TestMethodTestDescriptor.execute(TestMethodTestDescriptor.java:138)
	at org.junit.jupiter.engine.descriptor.TestMethodTestDescriptor.execute(TestMethodTestDescriptor.java:68)
	at org.junit.platform.engine.support.hierarchical.NodeTestTask.lambda$executeRecursively$6(NodeTestTask.java:151)
	at org.junit.platform.engine.support.hierarchical.ThrowableCollector.execute(ThrowableCollector.java:73)
	at org.junit.platform.engine.support.hierarchical.NodeTestTask.lambda$executeRecursively$8(NodeTestTask.java:141)
	at org.junit.platform.engine.support.hierarchical.Node.around(Node.java:137)
	at org.junit.platform.engine.support.hierarchical.NodeTestTask.lambda$executeRecursively$9(NodeTestTask.java:139)
	at org.junit.platform.engine.support.hierarchical.ThrowableCollector.execute(ThrowableCollector.java:73)
	at org.junit.platform.engine.support.hierarchical.NodeTestTask.executeRecursively(NodeTestTask.java:138)
	at org.junit.platform.engine.support.hierarchical.NodeTestTask.execute(NodeTestTask.java:95)
	at java.base/java.util.ArrayList.forEach(ArrayList.java:1511)
	at org.junit.platform.engine.support.hierarchical.SameThreadHierarchicalTestExecutorService.invokeAll(SameThreadHierarchicalTestExecutorService.java:41)
	at org.junit.platform.engine.support.hierarchical.NodeTestTask.lambda$executeRecursively$6(NodeTestTask.java:155)
	at org.junit.platform.engine.support.hierarchical.ThrowableCollector.execute(ThrowableCollector.java:73)
	at org.junit.platform.engine.support.hierarchical.NodeTestTask.lambda$executeRecursively$8(NodeTestTask.java:141)
	at org.junit.platform.engine.support.hierarchical.Node.around(Node.java:137)
	at org.junit.platform.engine.support.hierarchical.NodeTestTask.lambda$executeRecursively$9(NodeTestTask.java:139)
	at org.junit.platform.engine.support.hierarchical.ThrowableCollector.execute(ThrowableCollector.java:73)
	at org.junit.platform.engine.support.hierarchical.NodeTestTask.executeRecursively(NodeTestTask.java:138)
	at org.junit.platform.engine.support.hierarchical.NodeTestTask.execute(NodeTestTask.java:95)
	at java.base/java.util.ArrayList.forEach(ArrayList.java:1511)
	at org.junit.platform.engine.support.hierarchical.SameThreadHierarchicalTestExecutorService.invokeAll(SameThreadHierarchicalTestExecutorService.java:41)
	at org.junit.platform.engine.support.hierarchical.NodeTestTask.lambda$executeRecursively$6(NodeTestTask.java:155)
	at org.junit.platform.engine.support.hierarchical.ThrowableCollector.execute(ThrowableCollector.java:73)
	at org.junit.platform.engine.support.hierarchical.NodeTestTask.lambda$executeRecursively$8(NodeTestTask.java:141)
	at org.junit.platform.engine.support.hierarchical.Node.around(Node.java:137)
	at org.junit.platform.engine.support.hierarchical.NodeTestTask.lambda$executeRecursively$9(NodeTestTask.java:139)
	at org.junit.platform.engine.support.hierarchical.ThrowableCollector.execute(ThrowableCollector.java:73)
	at org.junit.platform.engine.support.hierarchical.NodeTestTask.executeRecursively(NodeTestTask.java:138)
	at org.junit.platform.engine.support.hierarchical.NodeTestTask.execute(NodeTestTask.java:95)
	at org.junit.platform.engine.support.hierarchical.SameThreadHierarchicalTestExecutorService.submit(SameThreadHierarchicalTestExecutorService.java:35)
	at org.junit.platform.engine.support.hierarchical.HierarchicalTestExecutor.execute(HierarchicalTestExecutor.java:57)
	at org.junit.platform.engine.support.hierarchical.HierarchicalTestEngine.execute(HierarchicalTestEngine.java:54)
	at org.junit.platform.launcher.core.DefaultLauncher.execute(DefaultLauncher.java:220)
	at org.junit.platform.launcher.core.DefaultLauncher.lambda$execute$6(DefaultLauncher.java:188)
	at org.junit.platform.launcher.core.DefaultLauncher.withInterceptedStreams(DefaultLauncher.java:202)
	at org.junit.platform.launcher.core.DefaultLauncher.execute(DefaultLauncher.java:181)
	at org.junit.platform.launcher.core.DefaultLauncher.execute(DefaultLauncher.java:128)
	at org.apache.maven.surefire.junitplatform.JUnitPlatformProvider.invokeAllTests(JUnitPlatformProvider.java:142)
	at org.apache.maven.surefire.junitplatform.JUnitPlatformProvider.invoke(JUnitPlatformProvider.java:117)
	at org.apache.maven.surefire.booter.ForkedBooter.invokeProviderInSameClassLoader(ForkedBooter.java:384)
	at org.apache.maven.surefire.booter.ForkedBooter.runSuitesInProcess(ForkedBooter.java:345)
	at org.apache.maven.surefire.booter.ForkedBooter.execute(ForkedBooter.java:126)
	at org.apache.maven.surefire.booter.ForkedBooter.main(ForkedBooter.java:418)
]]></system-err>
  </testcase>
  <testcase name="testRole" classname="controller.ControllerTest" time="0.017">
    <error message="begin 0, end 4, length 3" type="java.lang.StringIndexOutOfBoundsException">java.lang.StringIndexOutOfBoundsException: begin 0, end 4, length 3
	at controller.ControllerTest.testRole(ControllerTest.java:142)
</error>
  </testcase>
  <testcase name="testActivity" classname="controller.ControllerTest" time="0.064">
    <error message="A JSONArray text must start with &apos;[&apos; at 0 [character 1 line 1]" type="org.json.JSONException">org.json.JSONException: A JSONArray text must start with '[' at 0 [character 1 line 1]
	at controller.ControllerTest.testActivity(ControllerTest.java:182)
</error>
    <system-out><![CDATA[[{"location":"location","time":"2022-5-25","title":"title3","type":"type","content":"111"},{"location":"location","time":"2022-5-25","title":"title3","type":"type","content":"111"},{"location":"location","time":"2022-5-25","title":"title3","type":"type","content":"111"},{"location":"location","time":"2022-5-25","title":"title3","type":"type","content":"111"},{"location":"location","time":"2022-5-25","title":"title3","type":"type","content":"111"},{"location":"location","time":"2022-6-9","title":"title1","type":"type","content":"222"},{"location":"location","time":"2022-6-9","title":"title1","type":"type","content":"222"},{"location":"location","time":"2022-6-9","title":"title1","type":"type","content":"222"},{"location":"location","time":"2022-11-15","title":"title1","type":"type","content":""},{"location":"location","time":"2022-11-15","title":"title1","type":"type","content":"content"},{"location":"location","time":"2022-11-15","title":"title1","type":"type","content":""},{"location":"location","time":"2022-11-15","title":"title1","type":"type","content":"content"},{"location":"location","time":"2022-12-21","title":"title5","type":"type","content":"333"},{"location":"location","time":"2022-12-21","title":"title5","type":"type","content":"333"},{"location":"location","time":"2022-12-21","title":"title5","type":"type","content":"333"},{"location":"location","time":"2022-12-21","title":"title5","type":"type","content":"333"},{"location":"location","time":"2022-12-21","title":"title5","type":"type","content":"333"}]
[{"location":"location","time":"2022-12-21","title":"title5","type":"type","content":"333"},{"location":"location","time":"2022-12-21","title":"title5","type":"type","content":"333"},{"location":"location","time":"2022-12-21","title":"title5","type":"type","content":"333"},{"location":"location","time":"2022-12-21","title":"title5","type":"type","content":"333"},{"location":"location","time":"2022-12-21","title":"title5","type":"type","content":"333"},{"location":"location","time":"2022-11-15","title":"title1","type":"type","content":""},{"location":"location","time":"2022-11-15","title":"title1","type":"type","content":"content"},{"location":"location","time":"2022-11-15","title":"title1","type":"type","content":""},{"location":"location","time":"2022-11-15","title":"title1","type":"type","content":"content"},{"location":"location","time":"2022-6-9","title":"title1","type":"type","content":"222"},{"location":"location","time":"2022-6-9","title":"title1","type":"type","content":"222"},{"location":"location","time":"2022-6-9","title":"title1","type":"type","content":"222"},{"location":"location","time":"2022-5-25","title":"title3","type":"type","content":"111"},{"location":"location","time":"2022-5-25","title":"title3","type":"type","content":"111"},{"location":"location","time":"2022-5-25","title":"title3","type":"type","content":"111"},{"location":"location","time":"2022-5-25","title":"title3","type":"type","content":"111"},{"location":"location","time":"2022-5-25","title":"title3","type":"type","content":"111"}]
]]></system-out>
  </testcase>
  <testcase name="testCreateBasicInformation" classname="controller.ControllerTest" time="0.002"/>
  <testcase name="testAchievement" classname="controller.ControllerTest" time="0.015">
    <error message="A JSONArray text must start with &apos;[&apos; at 0 [character 1 line 1]" type="org.json.JSONException">org.json.JSONException: A JSONArray text must start with '[' at 0 [character 1 line 1]
	at controller.ControllerTest.testAchievement(ControllerTest.java:119)
</error>
    <system-out><![CDATA[[{"responsibility":"responsibility","time":"2022-5-25","team":"team","title":"title3","content":"111"},{"responsibility":"responsibility","time":"2022-5-25","team":"team","title":"title3","content":"111"},{"responsibility":"responsibility","time":"2022-5-25","team":"team","title":"title3","content":"111"},{"responsibility":"responsibility","time":"2022-5-25","team":"team","title":"title3","content":"111"},{"responsibility":"responsibility","time":"2022-6-9","team":"team","title":"title1","content":"222"},{"responsibility":"responsibility","time":"2022-6-9","team":"team","title":"title1","content":"222"},{"responsibility":"","time":"2022-11-15","team":"","title":"title1","content":"content"},{"responsibility":"responsibility","time":"2022-11-15","team":"team","title":"title1","content":"content"},{"responsibility":"","time":"2022-11-15","team":"","title":"title1","content":"content"},{"responsibility":"responsibility","time":"2022-11-15","team":"team","title":"title1","content":"content"},{"responsibility":"responsibility","time":"2022-12-21","team":"team","title":"title5","content":"333"},{"responsibility":"responsibility","time":"2022-12-21","team":"team","title":"title5","content":"333"},{"responsibility":"responsibility","time":"2022-12-21","team":"team","title":"title5","content":"333"},{"responsibility":"responsibility","time":"2022-12-21","team":"team","title":"title5","content":"333"}]
[{"responsibility":"responsibility","time":"2022-12-21","team":"team","title":"title5","content":"333"},{"responsibility":"responsibility","time":"2022-12-21","team":"team","title":"title5","content":"333"},{"responsibility":"responsibility","time":"2022-12-21","team":"team","title":"title5","content":"333"},{"responsibility":"responsibility","time":"2022-12-21","team":"team","title":"title5","content":"333"},{"responsibility":"","time":"2022-11-15","team":"","title":"title1","content":"content"},{"responsibility":"responsibility","time":"2022-11-15","team":"team","title":"title1","content":"content"},{"responsibility":"","time":"2022-11-15","team":"","title":"title1","content":"content"},{"responsibility":"responsibility","time":"2022-11-15","team":"team","title":"title1","content":"content"},{"responsibility":"responsibility","time":"2022-6-9","team":"team","title":"title1","content":"222"},{"responsibility":"responsibility","time":"2022-6-9","team":"team","title":"title1","content":"222"},{"responsibility":"responsibility","time":"2022-5-25","team":"team","title":"title3","content":"111"},{"responsibility":"responsibility","time":"2022-5-25","team":"team","title":"title3","content":"111"},{"responsibility":"responsibility","time":"2022-5-25","team":"team","title":"title3","content":"111"},{"responsibility":"responsibility","time":"2022-5-25","team":"team","title":"title3","content":"111"}]
]]></system-out>
  </testcase>
  <testcase name="testPanDuan1" classname="controller.ControllerTest" time="0.002">
    <error type="java.lang.NullPointerException">java.lang.NullPointerException
	at controller.ControllerTest.testPanDuan1(ControllerTest.java:258)
</error>
    <system-err><![CDATA[java.io.FileNotFoundException: C:/Users/Hanxi/Desktop/skill.json (No such file or directory)
	at java.base/java.io.FileInputStream.open0(Native Method)
	at java.base/java.io.FileInputStream.open(FileInputStream.java:216)
	at java.base/java.io.FileInputStream.<init>(FileInputStream.java:157)
	at java.base/java.io.FileReader.<init>(FileReader.java:75)
	at model.Skill.getStr(Skill.java:208)
	at model.Skill.saveSkill(Skill.java:52)
	at controller.Controller.createSkill(Controller.java:96)
	at controller.ControllerTest.testPanDuan1(ControllerTest.java:258)
	at java.base/jdk.internal.reflect.NativeMethodAccessorImpl.invoke0(Native Method)
	at java.base/jdk.internal.reflect.NativeMethodAccessorImpl.invoke(NativeMethodAccessorImpl.java:77)
	at java.base/jdk.internal.reflect.DelegatingMethodAccessorImpl.invoke(DelegatingMethodAccessorImpl.java:43)
	at java.base/java.lang.reflect.Method.invoke(Method.java:568)
	at org.junit.platform.commons.util.ReflectionUtils.invokeMethod(ReflectionUtils.java:727)
	at org.junit.jupiter.engine.execution.MethodInvocation.proceed(MethodInvocation.java:60)
	at org.junit.jupiter.engine.execution.InvocationInterceptorChain$ValidatingInvocation.proceed(InvocationInterceptorChain.java:131)
	at org.junit.jupiter.engine.extension.TimeoutExtension.intercept(TimeoutExtension.java:156)
	at org.junit.jupiter.engine.extension.TimeoutExtension.interceptTestableMethod(TimeoutExtension.java:147)
	at org.junit.jupiter.engine.extension.TimeoutExtension.interceptTestMethod(TimeoutExtension.java:86)
	at org.junit.jupiter.engine.execution.InterceptingExecutableInvoker$ReflectiveInterceptorCall.lambda$ofVoidMethod$0(InterceptingExecutableInvoker.java:103)
	at org.junit.jupiter.engine.execution.InterceptingExecutableInvoker.lambda$invoke$0(InterceptingExecutableInvoker.java:93)
	at org.junit.jupiter.engine.execution.InvocationInterceptorChain$InterceptedInvocation.proceed(InvocationInterceptorChain.java:106)
	at org.junit.jupiter.engine.execution.InvocationInterceptorChain.proceed(InvocationInterceptorChain.java:64)
	at org.junit.jupiter.engine.execution.InvocationInterceptorChain.chainAndInvoke(InvocationInterceptorChain.java:45)
	at org.junit.jupiter.engine.execution.InvocationInterceptorChain.invoke(InvocationInterceptorChain.java:37)
	at org.junit.jupiter.engine.execution.InterceptingExecutableInvoker.invoke(InterceptingExecutableInvoker.java:92)
	at org.junit.jupiter.engine.execution.InterceptingExecutableInvoker.invoke(InterceptingExecutableInvoker.java:86)
	at org.junit.jupiter.engine.descriptor.TestMethodTestDescriptor.lambda$invokeTestMethod$7(TestMethodTestDescriptor.java:217)
	at org.junit.platform.engine.support.hierarchical.ThrowableCollector.execute(ThrowableCollector.java:73)
	at org.junit.jupiter.engine.descriptor.TestMethodTestDescriptor.invokeTestMethod(TestMethodTestDescriptor.java:213)
	at org.junit.jupiter.engine.descriptor.TestMethodTestDescriptor.execute(TestMethodTestDescriptor.java:138)
	at org.junit.jupiter.engine.descriptor.TestMethodTestDescriptor.execute(TestMethodTestDescriptor.java:68)
	at org.junit.platform.engine.support.hierarchical.NodeTestTask.lambda$executeRecursively$6(NodeTestTask.java:151)
	at org.junit.platform.engine.support.hierarchical.ThrowableCollector.execute(ThrowableCollector.java:73)
	at org.junit.platform.engine.support.hierarchical.NodeTestTask.lambda$executeRecursively$8(NodeTestTask.java:141)
	at org.junit.platform.engine.support.hierarchical.Node.around(Node.java:137)
	at org.junit.platform.engine.support.hierarchical.NodeTestTask.lambda$executeRecursively$9(NodeTestTask.java:139)
	at org.junit.platform.engine.support.hierarchical.ThrowableCollector.execute(ThrowableCollector.java:73)
	at org.junit.platform.engine.support.hierarchical.NodeTestTask.executeRecursively(NodeTestTask.java:138)
	at org.junit.platform.engine.support.hierarchical.NodeTestTask.execute(NodeTestTask.java:95)
	at java.base/java.util.ArrayList.forEach(ArrayList.java:1511)
	at org.junit.platform.engine.support.hierarchical.SameThreadHierarchicalTestExecutorService.invokeAll(SameThreadHierarchicalTestExecutorService.java:41)
	at org.junit.platform.engine.support.hierarchical.NodeTestTask.lambda$executeRecursively$6(NodeTestTask.java:155)
	at org.junit.platform.engine.support.hierarchical.ThrowableCollector.execute(ThrowableCollector.java:73)
	at org.junit.platform.engine.support.hierarchical.NodeTestTask.lambda$executeRecursively$8(NodeTestTask.java:141)
	at org.junit.platform.engine.support.hierarchical.Node.around(Node.java:137)
	at org.junit.platform.engine.support.hierarchical.NodeTestTask.lambda$executeRecursively$9(NodeTestTask.java:139)
	at org.junit.platform.engine.support.hierarchical.ThrowableCollector.execute(ThrowableCollector.java:73)
	at org.junit.platform.engine.support.hierarchical.NodeTestTask.executeRecursively(NodeTestTask.java:138)
	at org.junit.platform.engine.support.hierarchical.NodeTestTask.execute(NodeTestTask.java:95)
	at java.base/java.util.ArrayList.forEach(ArrayList.java:1511)
	at org.junit.platform.engine.support.hierarchical.SameThreadHierarchicalTestExecutorService.invokeAll(SameThreadHierarchicalTestExecutorService.java:41)
	at org.junit.platform.engine.support.hierarchical.NodeTestTask.lambda$executeRecursively$6(NodeTestTask.java:155)
	at org.junit.platform.engine.support.hierarchical.ThrowableCollector.execute(ThrowableCollector.java:73)
	at org.junit.platform.engine.support.hierarchical.NodeTestTask.lambda$executeRecursively$8(NodeTestTask.java:141)
	at org.junit.platform.engine.support.hierarchical.Node.around(Node.java:137)
	at org.junit.platform.engine.support.hierarchical.NodeTestTask.lambda$executeRecursively$9(NodeTestTask.java:139)
	at org.junit.platform.engine.support.hierarchical.ThrowableCollector.execute(ThrowableCollector.java:73)
	at org.junit.platform.engine.support.hierarchical.NodeTestTask.executeRecursively(NodeTestTask.java:138)
	at org.junit.platform.engine.support.hierarchical.NodeTestTask.execute(NodeTestTask.java:95)
	at org.junit.platform.engine.support.hierarchical.SameThreadHierarchicalTestExecutorService.submit(SameThreadHierarchicalTestExecutorService.java:35)
	at org.junit.platform.engine.support.hierarchical.HierarchicalTestExecutor.execute(HierarchicalTestExecutor.java:57)
	at org.junit.platform.engine.support.hierarchical.HierarchicalTestEngine.execute(HierarchicalTestEngine.java:54)
	at org.junit.platform.launcher.core.DefaultLauncher.execute(DefaultLauncher.java:220)
	at org.junit.platform.launcher.core.DefaultLauncher.lambda$execute$6(DefaultLauncher.java:188)
	at org.junit.platform.launcher.core.DefaultLauncher.withInterceptedStreams(DefaultLauncher.java:202)
	at org.junit.platform.launcher.core.DefaultLauncher.execute(DefaultLauncher.java:181)
	at org.junit.platform.launcher.core.DefaultLauncher.execute(DefaultLauncher.java:128)
	at org.apache.maven.surefire.junitplatform.JUnitPlatformProvider.invokeAllTests(JUnitPlatformProvider.java:142)
	at org.apache.maven.surefire.junitplatform.JUnitPlatformProvider.invoke(JUnitPlatformProvider.java:117)
	at org.apache.maven.surefire.booter.ForkedBooter.invokeProviderInSameClassLoader(ForkedBooter.java:384)
	at org.apache.maven.surefire.booter.ForkedBooter.runSuitesInProcess(ForkedBooter.java:345)
	at org.apache.maven.surefire.booter.ForkedBooter.execute(ForkedBooter.java:126)
	at org.apache.maven.surefire.booter.ForkedBooter.main(ForkedBooter.java:418)
]]></system-err>
  </testcase>
  <testcase name="testPanDuan2" classname="controller.ControllerTest" time="0.002">
    <failure message="expected:&lt;1&gt; but was:&lt;-1&gt;" type="java.lang.AssertionError"><![CDATA[java.lang.AssertionError: expected:<1> but was:<-1>
	at controller.ControllerTest.testPanDuan2(ControllerTest.java:272)
]]></failure>
  </testcase>
  <testcase name="testPanDuan3" classname="controller.ControllerTest" time="0.001">
    <failure message="expected:&lt;1&gt; but was:&lt;-1&gt;" type="java.lang.AssertionError"><![CDATA[java.lang.AssertionError: expected:<1> but was:<-1>
	at controller.ControllerTest.testPanDuan3(ControllerTest.java:282)
]]></failure>
  </testcase>
  <testcase name="testPanDuan4" classname="controller.ControllerTest" time="0.002">
    <failure message="expected:&lt;1&gt; but was:&lt;-1&gt;" type="java.lang.AssertionError"><![CDATA[java.lang.AssertionError: expected:<1> but was:<-1>
	at controller.ControllerTest.testPanDuan4(ControllerTest.java:293)
]]></failure>
  </testcase>
</testsuite>